TN:
SF:src\services\database.js
FN:6,(anonymous_0)
FN:7,(anonymous_1)
FN:13,(anonymous_2)
FN:24,(anonymous_3)
FN:28,(anonymous_4)
FN:34,(anonymous_5)
FN:43,(anonymous_6)
FN:44,(anonymous_7)
FN:48,(anonymous_8)
FN:51,(anonymous_9)
FN:59,(anonymous_10)
FN:60,(anonymous_11)
FN:64,(anonymous_12)
FN:71,(anonymous_13)
FN:79,(anonymous_14)
FN:80,(anonymous_15)
FN:84,(anonymous_16)
FN:87,(anonymous_17)
FN:95,(anonymous_18)
FN:96,(anonymous_19)
FN:100,(anonymous_20)
FN:103,(anonymous_21)
FN:111,(anonymous_22)
FN:112,(anonymous_23)
FN:117,(anonymous_24)
FN:120,(anonymous_25)
FNF:26
FNH:0
FNDA:0,(anonymous_0)
FNDA:0,(anonymous_1)
FNDA:0,(anonymous_2)
FNDA:0,(anonymous_3)
FNDA:0,(anonymous_4)
FNDA:0,(anonymous_5)
FNDA:0,(anonymous_6)
FNDA:0,(anonymous_7)
FNDA:0,(anonymous_8)
FNDA:0,(anonymous_9)
FNDA:0,(anonymous_10)
FNDA:0,(anonymous_11)
FNDA:0,(anonymous_12)
FNDA:0,(anonymous_13)
FNDA:0,(anonymous_14)
FNDA:0,(anonymous_15)
FNDA:0,(anonymous_16)
FNDA:0,(anonymous_17)
FNDA:0,(anonymous_18)
FNDA:0,(anonymous_19)
FNDA:0,(anonymous_20)
FNDA:0,(anonymous_21)
FNDA:0,(anonymous_22)
FNDA:0,(anonymous_23)
FNDA:0,(anonymous_24)
FNDA:0,(anonymous_25)
DA:3,0
DA:6,0
DA:7,0
DA:8,0
DA:15,0
DA:25,0
DA:26,0
DA:29,0
DA:30,0
DA:35,0
DA:36,0
DA:43,0
DA:44,0
DA:45,0
DA:49,0
DA:52,0
DA:59,0
DA:60,0
DA:61,0
DA:65,0
DA:66,0
DA:67,0
DA:69,0
DA:72,0
DA:79,0
DA:80,0
DA:81,0
DA:85,0
DA:88,0
DA:95,0
DA:96,0
DA:97,0
DA:101,0
DA:104,0
DA:111,0
DA:112,0
DA:113,0
DA:114,0
DA:118,0
DA:121,0
LF:40
LH:0
BRF:0
BRH:0
end_of_record
TN:
SF:src\services\excelService.js
FN:26,(anonymous_0)
FN:31,(anonymous_1)
FN:40,(anonymous_2)
FN:51,(anonymous_3)
FN:62,(anonymous_4)
FN:80,(anonymous_5)
FN:93,(anonymous_6)
FN:101,(anonymous_7)
FN:126,(anonymous_8)
FN:146,(anonymous_9)
FN:162,(anonymous_10)
FN:202,(anonymous_11)
FN:246,(anonymous_12)
FN:273,(anonymous_13)
FN:301,(anonymous_14)
FN:380,(anonymous_15)
FN:439,(anonymous_16)
FN:446,(anonymous_17)
FN:484,(anonymous_18)
FN:521,(anonymous_19)
FN:578,(anonymous_20)
FN:592,(anonymous_21)
FN:607,(anonymous_22)
FN:623,(anonymous_23)
FN:654,(anonymous_24)
FN:655,(anonymous_25)
FN:667,(anonymous_26)
FN:689,(anonymous_27)
FNF:28
FNH:0
FNDA:0,(anonymous_0)
FNDA:0,(anonymous_1)
FNDA:0,(anonymous_2)
FNDA:0,(anonymous_3)
FNDA:0,(anonymous_4)
FNDA:0,(anonymous_5)
FNDA:0,(anonymous_6)
FNDA:0,(anonymous_7)
FNDA:0,(anonymous_8)
FNDA:0,(anonymous_9)
FNDA:0,(anonymous_10)
FNDA:0,(anonymous_11)
FNDA:0,(anonymous_12)
FNDA:0,(anonymous_13)
FNDA:0,(anonymous_14)
FNDA:0,(anonymous_15)
FNDA:0,(anonymous_16)
FNDA:0,(anonymous_17)
FNDA:0,(anonymous_18)
FNDA:0,(anonymous_19)
FNDA:0,(anonymous_20)
FNDA:0,(anonymous_21)
FNDA:0,(anonymous_22)
FNDA:0,(anonymous_23)
FNDA:0,(anonymous_24)
FNDA:0,(anonymous_25)
FNDA:0,(anonymous_26)
FNDA:0,(anonymous_27)
DA:12,0
DA:14,0
DA:17,0
DA:20,0
DA:21,0
DA:22,0
DA:27,0
DA:28,0
DA:32,0
DA:33,0
DA:34,0
DA:35,0
DA:37,0
DA:41,0
DA:42,0
DA:45,0
DA:46,0
DA:48,0
DA:52,0
DA:53,0
DA:56,0
DA:57,0
DA:59,0
DA:63,0
DA:64,0
DA:65,0
DA:66,0
DA:67,0
DA:68,0
DA:69,0
DA:75,0
DA:77,0
DA:81,0
DA:82,0
DA:83,0
DA:84,0
DA:86,0
DA:90,0
DA:94,0
DA:95,0
DA:96,0
DA:97,0
DA:98,0
DA:102,0
DA:104,0
DA:106,0
DA:109,0
DA:116,0
DA:118,0
DA:119,0
DA:121,0
DA:122,0
DA:127,0
DA:128,0
DA:129,0
DA:130,0
DA:131,0
DA:132,0
DA:136,0
DA:137,0
DA:138,0
DA:139,0
DA:142,0
DA:147,0
DA:148,0
DA:153,0
DA:155,0
DA:163,0
DA:164,0
DA:165,0
DA:168,0
DA:171,0
DA:172,0
DA:173,0
DA:177,0
DA:178,0
DA:179,0
DA:183,0
DA:186,0
DA:187,0
DA:188,0
DA:189,0
DA:191,0
DA:192,0
DA:194,0
DA:195,0
DA:203,0
DA:204,0
DA:205,0
DA:209,0
DA:210,0
DA:211,0
DA:214,0
DA:217,0
DA:220,0
DA:222,0
DA:224,0
DA:227,0
DA:231,0
DA:232,0
DA:233,0
DA:235,0
DA:236,0
DA:238,0
DA:239,0
DA:247,0
DA:248,0
DA:249,0
DA:252,0
DA:253,0
DA:254,0
DA:256,0
DA:259,0
DA:262,0
DA:263,0
DA:266,0
DA:267,0
DA:270,0
DA:273,0
DA:274,0
DA:277,0
DA:280,0
DA:283,0
DA:284,0
DA:285,0
DA:286,0
DA:288,0
DA:289,0
DA:290,0
DA:291,0
DA:293,0
DA:294,0
DA:302,0
DA:304,0
DA:305,0
DA:306,0
DA:309,0
DA:312,0
DA:314,0
DA:317,0
DA:318,0
DA:321,0
DA:322,0
DA:324,0
DA:325,0
DA:326,0
DA:328,0
DA:329,0
DA:331,0
DA:338,0
DA:341,0
DA:342,0
DA:343,0
DA:344,0
DA:349,0
DA:350,0
DA:355,0
DA:356,0
DA:357,0
DA:362,0
DA:363,0
DA:366,0
DA:367,0
DA:369,0
DA:370,0
DA:372,0
DA:373,0
DA:381,0
DA:382,0
DA:383,0
DA:387,0
DA:388,0
DA:389,0
DA:393,0
DA:394,0
DA:395,0
DA:398,0
DA:399,0
DA:400,0
DA:404,0
DA:405,0
DA:406,0
DA:409,0
DA:412,0
DA:413,0
DA:415,0
DA:426,0
DA:429,0
DA:431,0
DA:432,0
DA:440,0
DA:447,0
DA:448,0
DA:449,0
DA:452,0
DA:455,0
DA:456,0
DA:459,0
DA:460,0
DA:461,0
DA:464,0
DA:465,0
DA:467,0
DA:471,0
DA:472,0
DA:474,0
DA:476,0
DA:477,0
DA:485,0
DA:486,0
DA:489,0
DA:490,0
DA:491,0
DA:494,0
DA:497,0
DA:500,0
DA:501,0
DA:502,0
DA:505,0
DA:506,0
DA:508,0
DA:509,0
DA:512,0
DA:513,0
DA:514,0
DA:517,0
DA:520,0
DA:521,0
DA:523,0
DA:525,0
DA:526,0
DA:529,0
DA:531,0
DA:532,0
DA:535,0
DA:536,0
DA:537,0
DA:539,0
DA:545,0
DA:546,0
DA:547,0
DA:548,0
DA:549,0
DA:554,0
DA:557,0
DA:558,0
DA:560,0
DA:561,0
DA:564,0
DA:567,0
DA:569,0
DA:570,0
DA:572,0
DA:573,0
DA:579,0
DA:580,0
DA:588,0
DA:589,0
DA:590,0
DA:592,0
DA:593,0
DA:594,0
DA:595,0
DA:597,0
DA:598,0
DA:600,0
DA:607,0
DA:609,0
DA:611,0
DA:624,0
DA:625,0
DA:626,0
DA:629,0
DA:630,0
DA:631,0
DA:632,0
DA:636,0
DA:637,0
DA:639,0
DA:640,0
DA:641,0
DA:644,0
DA:646,0
DA:647,0
DA:655,0
DA:668,0
DA:669,0
DA:670,0
DA:671,0
DA:679,0
DA:681,0
DA:682,0
DA:690,0
DA:691,0
DA:692,0
DA:693,0
DA:694,0
DA:697,0
LF:298
LH:0
BRDA:32,0,0,0
BRDA:32,0,1,0
BRDA:34,1,0,0
BRDA:34,1,1,0
BRDA:40,2,0,0
BRDA:41,3,0,0
BRDA:41,3,1,0
BRDA:45,4,0,0
BRDA:45,4,1,0
BRDA:51,5,0,0
BRDA:52,6,0,0
BRDA:52,6,1,0
BRDA:56,7,0,0
BRDA:56,7,1,0
BRDA:63,8,0,0
BRDA:63,8,1,0
BRDA:65,9,0,0
BRDA:65,9,1,0
BRDA:67,10,0,0
BRDA:67,10,1,0
BRDA:81,11,0,0
BRDA:81,11,1,0
BRDA:83,12,0,0
BRDA:83,12,1,0
BRDA:102,13,0,0
BRDA:102,13,1,0
BRDA:129,14,0,0
BRDA:129,14,1,0
BRDA:131,15,0,0
BRDA:131,15,1,0
BRDA:132,16,0,0
BRDA:132,16,1,0
BRDA:137,17,0,0
BRDA:137,17,1,0
BRDA:164,18,0,0
BRDA:164,18,1,0
BRDA:172,19,0,0
BRDA:172,19,1,0
BRDA:178,20,0,0
BRDA:178,20,1,0
BRDA:204,21,0,0
BRDA:204,21,1,0
BRDA:210,22,0,0
BRDA:210,22,1,0
BRDA:222,23,0,0
BRDA:222,23,1,0
BRDA:266,24,0,0
BRDA:266,24,1,0
BRDA:305,25,0,0
BRDA:305,25,1,0
BRDA:329,26,0,0
BRDA:329,26,1,0
BRDA:333,27,0,0
BRDA:333,27,1,0
BRDA:334,28,0,0
BRDA:334,28,1,0
BRDA:341,29,0,0
BRDA:341,29,1,0
BRDA:343,30,0,0
BRDA:343,30,1,0
BRDA:349,31,0,0
BRDA:349,31,1,0
BRDA:356,32,0,0
BRDA:356,32,1,0
BRDA:382,33,0,0
BRDA:382,33,1,0
BRDA:388,34,0,0
BRDA:388,34,1,0
BRDA:394,35,0,0
BRDA:394,35,1,0
BRDA:399,36,0,0
BRDA:399,36,1,0
BRDA:399,37,0,0
BRDA:399,37,1,0
BRDA:409,38,0,0
BRDA:409,38,1,0
BRDA:409,38,2,0
BRDA:412,39,0,0
BRDA:412,39,1,0
BRDA:448,40,0,0
BRDA:448,40,1,0
BRDA:452,41,0,0
BRDA:452,41,1,0
BRDA:452,41,2,0
BRDA:452,41,3,0
BRDA:490,42,0,0
BRDA:490,42,1,0
BRDA:523,43,0,0
BRDA:523,43,1,0
BRDA:531,44,0,0
BRDA:531,44,1,0
BRDA:532,45,0,0
BRDA:532,45,1,0
BRDA:535,46,0,0
BRDA:535,46,1,0
BRDA:548,47,0,0
BRDA:548,47,1,0
BRDA:548,48,0,0
BRDA:548,48,1,0
BRDA:579,49,0,0
BRDA:579,49,1,0
BRDA:579,50,0,0
BRDA:579,50,1,0
BRDA:593,51,0,0
BRDA:593,51,1,0
BRDA:593,51,2,0
BRDA:594,52,0,0
BRDA:594,52,1,0
BRDA:597,53,0,0
BRDA:597,53,1,0
BRDA:625,54,0,0
BRDA:625,54,1,0
BRDA:630,55,0,0
BRDA:630,55,1,0
BRDA:639,56,0,0
BRDA:639,56,1,0
BRDA:639,57,0,0
BRDA:639,57,1,0
BRDA:657,58,0,0
BRDA:657,58,1,0
BRDA:658,59,0,0
BRDA:658,59,1,0
BRDA:659,60,0,0
BRDA:659,60,1,0
BRDA:660,61,0,0
BRDA:660,61,1,0
BRDA:670,62,0,0
BRDA:670,62,1,0
BRDA:692,63,0,0
BRDA:692,63,1,0
BRF:130
BRH:0
end_of_record
TN:
SF:src\services\googleDriveService.js
FN:30,(anonymous_0)
FN:39,(anonymous_1)
FN:43,(anonymous_2)
FN:49,(anonymous_3)
FN:62,(anonymous_4)
FN:101,(anonymous_5)
FN:105,(anonymous_6)
FN:110,(anonymous_7)
FN:160,(anonymous_8)
FN:181,(anonymous_9)
FN:193,(anonymous_10)
FN:205,(anonymous_11)
FN:249,(anonymous_12)
FN:254,(anonymous_13)
FN:273,(anonymous_14)
FN:278,(anonymous_15)
FN:283,(anonymous_16)
FN:339,(anonymous_17)
FN:387,(anonymous_18)
FN:397,(anonymous_19)
FN:399,(anonymous_20)
FN:413,(anonymous_21)
FN:430,(anonymous_22)
FN:456,(anonymous_23)
FN:497,(anonymous_24)
FNF:25
FNH:0
FNDA:0,(anonymous_0)
FNDA:0,(anonymous_1)
FNDA:0,(anonymous_2)
FNDA:0,(anonymous_3)
FNDA:0,(anonymous_4)
FNDA:0,(anonymous_5)
FNDA:0,(anonymous_6)
FNDA:0,(anonymous_7)
FNDA:0,(anonymous_8)
FNDA:0,(anonymous_9)
FNDA:0,(anonymous_10)
FNDA:0,(anonymous_11)
FNDA:0,(anonymous_12)
FNDA:0,(anonymous_13)
FNDA:0,(anonymous_14)
FNDA:0,(anonymous_15)
FNDA:0,(anonymous_16)
FNDA:0,(anonymous_17)
FNDA:0,(anonymous_18)
FNDA:0,(anonymous_19)
FNDA:0,(anonymous_20)
FNDA:0,(anonymous_21)
FNDA:0,(anonymous_22)
FNDA:0,(anonymous_23)
FNDA:0,(anonymous_24)
DA:6,0
DA:13,0
DA:20,0
DA:21,0
DA:22,0
DA:23,0
DA:24,0
DA:27,0
DA:31,0
DA:32,0
DA:33,0
DA:34,0
DA:35,0
DA:40,0
DA:44,0
DA:45,0
DA:51,0
DA:52,0
DA:55,0
DA:58,0
DA:59,0
DA:63,0
DA:65,0
DA:67,0
DA:68,0
DA:75,0
DA:82,0
DA:83,0
DA:84,0
DA:85,0
DA:88,0
DA:89,0
DA:90,0
DA:93,0
DA:94,0
DA:96,0
DA:97,0
DA:102,0
DA:106,0
DA:107,0
DA:111,0
DA:112,0
DA:113,0
DA:114,0
DA:115,0
DA:117,0
DA:118,0
DA:121,0
DA:122,0
DA:123,0
DA:126,0
DA:127,0
DA:128,0
DA:130,0
DA:131,0
DA:132,0
DA:133,0
DA:135,0
DA:136,0
DA:138,0
DA:139,0
DA:140,0
DA:143,0
DA:144,0
DA:145,0
DA:146,0
DA:147,0
DA:148,0
DA:149,0
DA:150,0
DA:151,0
DA:152,0
DA:153,0
DA:156,0
DA:161,0
DA:162,0
DA:163,0
DA:164,0
DA:166,0
DA:167,0
DA:169,0
DA:170,0
DA:171,0
DA:173,0
DA:175,0
DA:176,0
DA:177,0
DA:182,0
DA:184,0
DA:186,0
DA:190,0
DA:194,0
DA:195,0
DA:196,0
DA:198,0
DA:207,0
DA:208,0
DA:210,0
DA:211,0
DA:212,0
DA:213,0
DA:214,0
DA:215,0
DA:219,0
DA:228,0
DA:229,0
DA:230,0
DA:231,0
DA:232,0
DA:233,0
DA:235,0
DA:239,0
DA:241,0
DA:242,0
DA:243,0
DA:245,0
DA:246,0
DA:249,0
DA:256,0
DA:259,0
DA:260,0
DA:261,0
DA:262,0
DA:263,0
DA:267,0
DA:270,0
DA:274,0
DA:275,0
DA:279,0
DA:280,0
DA:284,0
DA:286,0
DA:292,0
DA:303,0
DA:304,0
DA:307,0
DA:308,0
DA:309,0
DA:313,0
DA:314,0
DA:325,0
DA:326,0
DA:329,0
DA:330,0
DA:331,0
DA:334,0
DA:335,0
DA:340,0
DA:342,0
DA:353,0
DA:354,0
DA:357,0
DA:358,0
DA:359,0
DA:363,0
DA:364,0
DA:376,0
DA:377,0
DA:380,0
DA:382,0
DA:383,0
DA:388,0
DA:389,0
DA:393,0
DA:394,0
DA:396,0
DA:397,0
DA:398,0
DA:399,0
DA:401,0
DA:402,0
DA:404,0
DA:405,0
DA:408,0
DA:409,0
DA:414,0
DA:415,0
DA:419,0
DA:420,0
DA:423,0
DA:425,0
DA:426,0
DA:431,0
DA:432,0
DA:439,0
DA:440,0
DA:444,0
DA:445,0
DA:448,0
DA:450,0
DA:451,0
DA:457,0
DA:458,0
DA:459,0
DA:462,0
DA:468,0
DA:479,0
DA:481,0
DA:482,0
DA:483,0
DA:485,0
DA:486,0
DA:487,0
DA:488,0
DA:490,0
DA:492,0
DA:493,0
DA:498,0
DA:499,0
DA:500,0
DA:501,0
DA:502,0
DA:503,0
DA:505,0
DA:506,0
LF:215
LH:0
BRDA:40,0,0,0
BRDA:40,0,1,0
BRDA:52,1,0,0
BRDA:52,1,1,0
BRDA:59,2,0,0
BRDA:59,2,1,0
BRDA:63,3,0,0
BRDA:63,3,1,0
BRDA:84,4,0,0
BRDA:84,4,1,0
BRDA:89,5,0,0
BRDA:89,5,1,0
BRDA:106,6,0,0
BRDA:106,6,1,0
BRDA:128,7,0,0
BRDA:128,7,1,0
BRDA:130,8,0,0
BRDA:130,8,1,0
BRDA:143,9,0,0
BRDA:143,9,1,0
BRDA:150,10,0,0
BRDA:150,10,1,0
BRDA:152,11,0,0
BRDA:152,11,1,0
BRDA:164,12,0,0
BRDA:164,12,1,0
BRDA:169,13,0,0
BRDA:169,13,1,0
BRDA:205,14,0,0
BRDA:212,15,0,0
BRDA:212,15,1,0
BRDA:212,16,0,0
BRDA:212,16,1,0
BRDA:214,17,0,0
BRDA:214,17,1,0
BRDA:228,18,0,0
BRDA:228,18,1,0
BRDA:228,19,0,0
BRDA:228,19,1,0
BRDA:231,20,0,0
BRDA:231,20,1,0
BRDA:241,21,0,0
BRDA:241,21,1,0
BRDA:256,22,0,0
BRDA:256,22,1,0
BRDA:261,23,0,0
BRDA:261,23,1,0
BRDA:267,24,0,0
BRDA:267,24,1,0
BRDA:303,25,0,0
BRDA:303,25,1,0
BRDA:308,26,0,0
BRDA:308,26,1,0
BRDA:325,27,0,0
BRDA:325,27,1,0
BRDA:353,28,0,0
BRDA:353,28,1,0
BRDA:358,29,0,0
BRDA:358,29,1,0
BRDA:376,30,0,0
BRDA:376,30,1,0
BRDA:393,31,0,0
BRDA:393,31,1,0
BRDA:419,32,0,0
BRDA:419,32,1,0
BRDA:439,33,0,0
BRDA:439,33,1,0
BRDA:444,34,0,0
BRDA:444,34,1,0
BRDA:458,35,0,0
BRDA:458,35,1,0
BRDA:482,36,0,0
BRDA:482,36,1,0
BRDA:486,37,0,0
BRDA:486,37,1,0
BRDA:487,38,0,0
BRDA:487,38,1,0
BRF:77
BRH:0
end_of_record
TN:
SF:src\services\syncService.js
FN:5,(anonymous_0)
FN:25,(anonymous_1)
FN:50,(anonymous_2)
FN:67,(anonymous_3)
FN:81,(anonymous_4)
FN:97,(anonymous_5)
FN:111,(anonymous_6)
FN:125,(anonymous_7)
FN:173,(anonymous_8)
FN:192,(anonymous_9)
FN:192,(anonymous_10)
FN:316,(anonymous_11)
FN:368,(anonymous_12)
FN:368,(anonymous_13)
FN:508,(anonymous_14)
FN:577,(anonymous_15)
FN:646,(anonymous_16)
FN:662,(anonymous_17)
FN:662,(anonymous_18)
FN:668,(anonymous_19)
FN:696,(anonymous_20)
FN:703,(anonymous_21)
FN:717,(anonymous_22)
FN:732,(anonymous_23)
FN:746,(anonymous_24)
FN:752,(anonymous_25)
FN:763,(anonymous_26)
FN:768,(anonymous_27)
FN:826,(anonymous_28)
FN:827,(anonymous_29)
FN:835,(anonymous_30)
FN:877,(anonymous_31)
FN:911,(anonymous_32)
FN:951,(anonymous_33)
FN:973,(anonymous_34)
FN:997,(anonymous_35)
FN:1022,(anonymous_36)
FN:1032,(anonymous_37)
FN:1046,(anonymous_38)
FN:1066,(anonymous_39)
FN:1072,(anonymous_40)
FN:1077,(anonymous_41)
FN:1091,(anonymous_42)
FN:1095,(anonymous_43)
FN:1102,(anonymous_44)
FN:1120,(anonymous_45)
FN:1127,(anonymous_46)
FN:1134,(anonymous_47)
FN:1147,(anonymous_48)
FN:1159,(anonymous_49)
FN:1173,(anonymous_50)
FN:1178,(anonymous_51)
FN:1183,(anonymous_52)
FN:1189,(anonymous_53)
FN:1199,(anonymous_54)
FN:1215,(anonymous_55)
FN:1225,(anonymous_56)
FN:1235,(anonymous_57)
FN:1245,(anonymous_58)
FN:1255,(anonymous_59)
FN:1265,(anonymous_60)
FN:1279,(anonymous_61)
FN:1283,(anonymous_62)
FN:1291,(anonymous_63)
FN:1298,(anonymous_64)
FN:1305,(anonymous_65)
FN:1312,(anonymous_66)
FN:1319,(anonymous_67)
FN:1324,(anonymous_68)
FN:1331,(anonymous_69)
FN:1338,(anonymous_70)
FN:1345,(anonymous_71)
FN:1352,(anonymous_72)
FN:1359,(anonymous_73)
FN:1366,(anonymous_74)
FN:1377,(anonymous_75)
FN:1413,(anonymous_76)
FN:1414,(anonymous_77)
FNF:78
FNH:30
FNDA:49,(anonymous_0)
FNDA:9,(anonymous_1)
FNDA:10,(anonymous_2)
FNDA:5,(anonymous_3)
FNDA:17,(anonymous_4)
FNDA:2,(anonymous_5)
FNDA:1,(anonymous_6)
FNDA:3,(anonymous_7)
FNDA:2,(anonymous_8)
FNDA:9,(anonymous_9)
FNDA:28,(anonymous_10)
FNDA:3,(anonymous_11)
FNDA:0,(anonymous_12)
FNDA:0,(anonymous_13)
FNDA:0,(anonymous_14)
FNDA:6,(anonymous_15)
FNDA:0,(anonymous_16)
FNDA:1,(anonymous_17)
FNDA:4,(anonymous_18)
FNDA:1,(anonymous_19)
FNDA:11,(anonymous_20)
FNDA:12,(anonymous_21)
FNDA:8,(anonymous_22)
FNDA:2,(anonymous_23)
FNDA:0,(anonymous_24)
FNDA:3,(anonymous_25)
FNDA:4,(anonymous_26)
FNDA:4,(anonymous_27)
FNDA:3,(anonymous_28)
FNDA:5,(anonymous_29)
FNDA:0,(anonymous_30)
FNDA:8,(anonymous_31)
FNDA:1,(anonymous_32)
FNDA:0,(anonymous_33)
FNDA:1,(anonymous_34)
FNDA:1,(anonymous_35)
FNDA:1,(anonymous_36)
FNDA:0,(anonymous_37)
FNDA:0,(anonymous_38)
FNDA:0,(anonymous_39)
FNDA:0,(anonymous_40)
FNDA:0,(anonymous_41)
FNDA:0,(anonymous_42)
FNDA:0,(anonymous_43)
FNDA:0,(anonymous_44)
FNDA:0,(anonymous_45)
FNDA:0,(anonymous_46)
FNDA:0,(anonymous_47)
FNDA:0,(anonymous_48)
FNDA:0,(anonymous_49)
FNDA:0,(anonymous_50)
FNDA:0,(anonymous_51)
FNDA:0,(anonymous_52)
FNDA:0,(anonymous_53)
FNDA:0,(anonymous_54)
FNDA:0,(anonymous_55)
FNDA:0,(anonymous_56)
FNDA:0,(anonymous_57)
FNDA:0,(anonymous_58)
FNDA:0,(anonymous_59)
FNDA:0,(anonymous_60)
FNDA:0,(anonymous_61)
FNDA:0,(anonymous_62)
FNDA:0,(anonymous_63)
FNDA:0,(anonymous_64)
FNDA:0,(anonymous_65)
FNDA:0,(anonymous_66)
FNDA:0,(anonymous_67)
FNDA:0,(anonymous_68)
FNDA:0,(anonymous_69)
FNDA:0,(anonymous_70)
FNDA:0,(anonymous_71)
FNDA:0,(anonymous_72)
FNDA:0,(anonymous_73)
FNDA:0,(anonymous_74)
FNDA:0,(anonymous_75)
FNDA:0,(anonymous_76)
FNDA:0,(anonymous_77)
DA:7,49
DA:8,49
DA:9,49
DA:12,49
DA:13,49
DA:16,49
DA:26,9
DA:27,0
DA:30,9
DA:32,9
DA:37,8
DA:38,8
DA:40,8
DA:41,0
DA:43,8
DA:45,1
DA:46,1
DA:51,10
DA:52,0
DA:55,10
DA:56,10
DA:58,10
DA:63,1
DA:68,5
DA:69,0
DA:72,5
DA:73,5
DA:74,5
DA:76,0
DA:77,0
DA:82,17
DA:83,0
DA:86,17
DA:87,17
DA:88,9
DA:90,8
DA:93,0
DA:98,2
DA:99,0
DA:102,2
DA:103,2
DA:104,2
DA:106,0
DA:107,0
DA:112,1
DA:113,0
DA:116,1
DA:117,1
DA:118,1
DA:120,0
DA:126,3
DA:127,3
DA:130,3
DA:131,0
DA:135,3
DA:136,0
DA:137,0
DA:141,3
DA:142,3
DA:143,0
DA:144,0
DA:148,3
DA:149,3
DA:151,3
DA:152,3
DA:153,1
DA:154,0
DA:157,2
DA:158,2
DA:163,1
DA:164,1
DA:167,0
DA:168,0
DA:174,2
DA:176,2
DA:177,0
DA:178,2
DA:179,1
DA:180,1
DA:181,0
DA:182,1
DA:183,0
DA:185,1
DA:188,2
DA:193,9
DA:194,1
DA:195,1
DA:198,8
DA:199,8
DA:200,8
DA:202,8
DA:203,8
DA:206,8
DA:207,8
DA:208,8
DA:209,8
DA:211,8
DA:214,8
DA:217,8
DA:218,8
DA:219,0
DA:221,0
DA:224,0
DA:225,0
DA:229,0
DA:230,0
DA:231,0
DA:235,0
DA:236,0
DA:237,0
DA:238,0
DA:241,0
DA:242,0
DA:245,0
DA:246,0
DA:247,0
DA:250,0
DA:252,0
DA:253,0
DA:258,0
DA:259,0
DA:261,0
DA:262,0
DA:265,0
DA:278,0
DA:279,0
DA:281,0
DA:282,0
DA:283,0
DA:286,0
DA:287,0
DA:288,0
DA:292,0
DA:293,0
DA:296,0
DA:297,0
DA:298,0
DA:307,8
DA:308,8
DA:310,8
DA:311,8
DA:317,3
DA:318,3
DA:320,3
DA:322,1
DA:323,1
DA:324,1
DA:326,1
DA:327,1
DA:328,1
DA:335,0
DA:340,2
DA:344,2
DA:346,2
DA:348,2
DA:349,1
DA:350,1
DA:358,1
DA:362,1
DA:363,1
DA:369,0
DA:370,0
DA:373,0
DA:374,0
DA:376,0
DA:378,0
DA:379,0
DA:380,0
DA:381,0
DA:383,0
DA:387,0
DA:389,0
DA:390,0
DA:392,0
DA:393,0
DA:394,0
DA:395,0
DA:397,0
DA:398,0
DA:399,0
DA:400,0
DA:411,0
DA:416,0
DA:422,0
DA:424,0
DA:425,0
DA:426,0
DA:428,0
DA:429,0
DA:431,0
DA:433,0
DA:434,0
DA:439,0
DA:443,0
DA:448,0
DA:449,0
DA:458,0
DA:459,0
DA:460,0
DA:463,0
DA:466,0
DA:469,0
DA:472,0
DA:475,0
DA:476,0
DA:478,0
DA:479,0
DA:482,0
DA:484,0
DA:487,0
DA:488,0
DA:490,0
DA:502,0
DA:503,0
DA:512,0
DA:514,0
DA:515,0
DA:518,0
DA:519,0
DA:520,0
DA:521,0
DA:522,0
DA:523,0
DA:524,0
DA:525,0
DA:526,0
DA:527,0
DA:528,0
DA:531,0
DA:532,0
DA:533,0
DA:534,0
DA:535,0
DA:537,0
DA:538,0
DA:539,0
DA:546,0
DA:547,0
DA:548,0
DA:549,0
DA:550,0
DA:551,0
DA:552,0
DA:553,0
DA:554,0
DA:557,0
DA:558,0
DA:559,0
DA:561,0
DA:562,0
DA:566,0
DA:568,0
DA:579,6
DA:582,6
DA:583,6
DA:585,6
DA:588,6
DA:589,6
DA:591,6
DA:592,6
DA:595,6
DA:596,6
DA:598,6
DA:600,6
DA:601,6
DA:604,6
DA:605,0
DA:606,0
DA:607,0
DA:608,6
DA:609,0
DA:610,0
DA:611,0
DA:612,6
DA:613,3
DA:614,3
DA:617,3
DA:618,3
DA:619,3
DA:620,3
DA:624,6
DA:625,6
DA:628,6
DA:629,2
DA:630,2
DA:631,0
DA:632,0
DA:633,2
DA:634,2
DA:635,2
DA:640,6
DA:641,6
DA:642,6
DA:645,6
DA:646,0
DA:647,1
DA:648,1
DA:651,6
DA:663,1
DA:664,1
DA:669,1
DA:671,1
DA:672,1
DA:673,1
DA:675,1
DA:676,1
DA:677,1
DA:679,1
DA:684,1
DA:699,11
DA:704,12
DA:705,6
DA:713,6
DA:714,6
DA:715,6
DA:717,6
DA:718,8
DA:719,8
DA:720,6
DA:722,8
DA:723,4
DA:725,8
DA:732,6
DA:734,6
DA:736,6
DA:747,0
DA:748,0
DA:753,3
DA:755,3
DA:756,3
DA:757,3
DA:760,3
DA:761,3
DA:763,3
DA:764,4
DA:765,4
DA:768,3
DA:769,4
DA:770,4
DA:774,3
DA:776,3
DA:777,7
DA:778,7
DA:780,7
DA:782,1
DA:783,1
DA:785,1
DA:786,1
DA:787,1
DA:789,0
DA:790,0
DA:792,1
DA:793,6
DA:795,3
DA:797,3
DA:799,0
DA:800,0
DA:801,0
DA:802,0
DA:805,3
DA:806,3
DA:808,3
DA:809,3
DA:811,3
DA:812,3
DA:813,3
DA:814,3
DA:818,7
DA:821,3
DA:822,3
DA:827,3
DA:829,5
DA:837,0
DA:839,0
DA:840,0
DA:841,0
DA:843,0
DA:844,0
DA:846,0
DA:847,0
DA:848,0
DA:849,0
DA:851,0
DA:853,0
DA:854,0
DA:855,0
DA:860,0
DA:861,0
DA:868,0
DA:869,0
DA:878,8
DA:879,8
DA:880,2
DA:884,6
DA:885,1
DA:889,5
DA:892,5
DA:893,5
DA:895,5
DA:896,5
DA:897,5
DA:899,0
DA:902,0
DA:903,0
DA:906,8
DA:912,1
DA:913,1
DA:915,1
DA:916,0
DA:920,1
DA:922,1
DA:924,1
DA:926,1
DA:927,1
DA:929,1
DA:939,0
DA:942,0
DA:945,0
DA:946,0
DA:952,0
DA:953,0
DA:955,0
DA:957,0
DA:958,0
DA:964,0
DA:967,0
DA:968,0
DA:974,1
DA:975,1
DA:977,1
DA:979,1
DA:980,1
DA:987,0
DA:988,0
DA:991,0
DA:992,0
DA:998,1
DA:999,1
DA:1000,1
DA:1001,1
DA:1002,1
DA:1004,1
DA:1011,0
DA:1012,0
DA:1023,1
DA:1024,1
DA:1026,0
DA:1027,0
DA:1033,0
DA:1034,0
DA:1035,0
DA:1038,0
DA:1040,0
DA:1041,0
DA:1047,0
DA:1048,0
DA:1050,0
DA:1051,0
DA:1054,0
DA:1056,0
DA:1057,0
DA:1066,1
DA:1067,0
DA:1073,0
DA:1074,0
DA:1078,0
DA:1080,0
DA:1081,0
DA:1083,0
DA:1084,0
DA:1086,0
DA:1087,0
DA:1092,0
DA:1096,0
DA:1097,0
DA:1099,0
DA:1103,0
DA:1104,0
DA:1105,0
DA:1107,0
DA:1108,0
DA:1109,0
DA:1111,0
DA:1113,0
DA:1115,0
DA:1116,0
DA:1121,0
DA:1122,0
DA:1124,0
DA:1128,0
DA:1129,0
DA:1131,0
DA:1135,0
DA:1136,0
DA:1137,0
DA:1140,0
DA:1142,0
DA:1143,0
DA:1148,0
DA:1149,0
DA:1150,0
DA:1152,0
DA:1154,0
DA:1155,0
DA:1160,0
DA:1161,0
DA:1162,0
DA:1164,0
DA:1166,0
DA:1167,0
DA:1174,0
DA:1175,0
DA:1179,0
DA:1180,0
DA:1184,0
DA:1185,0
DA:1190,0
DA:1191,0
DA:1192,0
DA:1194,0
DA:1195,0
DA:1200,0
DA:1201,0
DA:1204,0
DA:1205,0
DA:1208,0
DA:1210,0
DA:1211,0
DA:1216,0
DA:1217,0
DA:1218,0
DA:1220,0
DA:1221,0
DA:1226,0
DA:1227,0
DA:1228,0
DA:1230,0
DA:1231,0
DA:1236,0
DA:1237,0
DA:1238,0
DA:1240,0
DA:1241,0
DA:1246,0
DA:1247,0
DA:1248,0
DA:1250,0
DA:1251,0
DA:1256,0
DA:1257,0
DA:1258,0
DA:1260,0
DA:1261,0
DA:1266,0
DA:1267,0
DA:1268,0
DA:1269,0
DA:1270,0
DA:1272,0
DA:1273,0
DA:1280,0
DA:1284,0
DA:1285,0
DA:1286,0
DA:1288,0
DA:1292,0
DA:1293,0
DA:1295,0
DA:1299,0
DA:1300,0
DA:1302,0
DA:1306,0
DA:1307,0
DA:1309,0
DA:1313,0
DA:1314,0
DA:1316,0
DA:1321,0
DA:1325,0
DA:1326,0
DA:1328,0
DA:1332,0
DA:1333,0
DA:1335,0
DA:1339,0
DA:1340,0
DA:1342,0
DA:1346,0
DA:1347,0
DA:1349,0
DA:1353,0
DA:1354,0
DA:1356,0
DA:1360,0
DA:1361,0
DA:1363,0
DA:1367,0
DA:1368,0
DA:1370,0
DA:1375,1
DA:1377,1
DA:1378,0
DA:1380,0
DA:1382,0
DA:1383,0
DA:1385,0
DA:1386,0
DA:1389,0
DA:1390,0
DA:1393,0
DA:1394,0
DA:1395,0
DA:1398,0
DA:1404,0
DA:1406,0
DA:1407,0
DA:1414,0
DA:1415,0
DA:1416,0
DA:1417,0
DA:1418,0
DA:1421,0
DA:1422,0
DA:1425,0
DA:1427,0
DA:1429,0
DA:1430,0
DA:1437,0
DA:1438,0
DA:1443,0
LF:630
LH:238
BRDA:5,0,0,1
BRDA:7,1,0,49
BRDA:7,1,1,3
BRDA:8,2,0,49
BRDA:8,2,1,5
BRDA:9,3,0,49
BRDA:9,3,1,5
BRDA:26,4,0,0
BRDA:26,4,1,9
BRDA:37,5,0,1
BRDA:37,5,1,7
BRDA:38,6,0,0
BRDA:38,6,1,8
BRDA:40,7,0,0
BRDA:40,7,1,8
BRDA:40,8,0,8
BRDA:40,8,1,1
BRDA:41,9,0,0
BRDA:41,9,1,0
BRDA:43,10,0,8
BRDA:43,10,1,7
BRDA:43,10,2,7
BRDA:50,11,0,9
BRDA:51,12,0,0
BRDA:51,12,1,10
BRDA:68,13,0,0
BRDA:68,13,1,5
BRDA:82,14,0,0
BRDA:82,14,1,17
BRDA:87,15,0,9
BRDA:87,15,1,8
BRDA:98,16,0,0
BRDA:98,16,1,2
BRDA:104,17,0,2
BRDA:104,17,1,0
BRDA:112,18,0,0
BRDA:112,18,1,1
BRDA:130,19,0,0
BRDA:130,19,1,3
BRDA:130,20,0,3
BRDA:130,20,1,3
BRDA:130,20,2,3
BRDA:135,21,0,0
BRDA:135,21,1,3
BRDA:142,22,0,0
BRDA:142,22,1,3
BRDA:148,23,0,3
BRDA:148,23,1,0
BRDA:153,24,0,0
BRDA:153,24,1,1
BRDA:176,25,0,0
BRDA:176,25,1,2
BRDA:178,26,0,1
BRDA:178,26,1,1
BRDA:180,27,0,0
BRDA:180,27,1,1
BRDA:182,28,0,0
BRDA:182,28,1,1
BRDA:185,29,0,1
BRDA:185,29,1,0
BRDA:192,30,0,7
BRDA:192,31,0,8
BRDA:193,32,0,1
BRDA:193,32,1,8
BRDA:225,33,0,0
BRDA:225,33,1,0
BRDA:237,34,0,0
BRDA:237,34,1,0
BRDA:258,35,0,0
BRDA:258,35,1,0
BRDA:258,35,2,0
BRDA:259,36,0,0
BRDA:259,36,1,0
BRDA:259,36,2,0
BRDA:278,37,0,0
BRDA:278,37,1,0
BRDA:292,38,0,0
BRDA:292,38,1,0
BRDA:301,39,0,0
BRDA:301,39,1,0
BRDA:320,40,0,1
BRDA:320,40,1,2
BRDA:326,41,0,1
BRDA:326,41,1,0
BRDA:348,42,0,1
BRDA:348,42,1,1
BRDA:368,43,0,0
BRDA:376,44,0,0
BRDA:376,44,1,0
BRDA:379,45,0,0
BRDA:379,45,1,0
BRDA:379,46,0,0
BRDA:379,46,1,0
BRDA:387,47,0,0
BRDA:387,47,1,0
BRDA:387,48,0,0
BRDA:387,48,1,0
BRDA:389,49,0,0
BRDA:389,49,1,0
BRDA:397,50,0,0
BRDA:397,50,1,0
BRDA:428,51,0,0
BRDA:428,51,1,0
BRDA:433,52,0,0
BRDA:433,52,1,0
BRDA:458,53,0,0
BRDA:458,53,1,0
BRDA:478,54,0,0
BRDA:478,54,1,0
BRDA:493,55,0,0
BRDA:493,55,1,0
BRDA:518,56,0,0
BRDA:518,56,1,0
BRDA:518,57,0,0
BRDA:518,57,1,0
BRDA:520,58,0,0
BRDA:520,58,1,0
BRDA:522,59,0,0
BRDA:522,59,1,0
BRDA:522,60,0,0
BRDA:522,60,1,0
BRDA:524,61,0,0
BRDA:524,61,1,0
BRDA:526,62,0,0
BRDA:526,62,1,0
BRDA:526,63,0,0
BRDA:526,63,1,0
BRDA:528,64,0,0
BRDA:528,64,1,0
BRDA:532,65,0,0
BRDA:532,65,1,0
BRDA:534,66,0,0
BRDA:534,66,1,0
BRDA:538,67,0,0
BRDA:538,67,1,0
BRDA:546,68,0,0
BRDA:546,68,1,0
BRDA:546,69,0,0
BRDA:546,69,1,0
BRDA:547,70,0,0
BRDA:547,70,1,0
BRDA:548,71,0,0
BRDA:548,71,1,0
BRDA:549,72,0,0
BRDA:549,72,1,0
BRDA:549,73,0,0
BRDA:549,73,1,0
BRDA:550,74,0,0
BRDA:550,74,1,0
BRDA:551,75,0,0
BRDA:551,75,1,0
BRDA:552,76,0,0
BRDA:552,76,1,0
BRDA:552,77,0,0
BRDA:552,77,1,0
BRDA:553,78,0,0
BRDA:553,78,1,0
BRDA:554,79,0,0
BRDA:554,79,1,0
BRDA:557,80,0,0
BRDA:557,80,1,0
BRDA:558,81,0,0
BRDA:558,81,1,0
BRDA:559,82,0,0
BRDA:559,82,1,0
BRDA:561,83,0,0
BRDA:561,83,1,0
BRDA:562,84,0,0
BRDA:562,84,1,0
BRDA:566,85,0,0
BRDA:566,85,1,0
BRDA:583,86,0,0
BRDA:583,86,1,6
BRDA:604,87,0,0
BRDA:604,87,1,6
BRDA:604,88,0,6
BRDA:604,88,1,3
BRDA:606,89,0,0
BRDA:606,89,1,0
BRDA:608,90,0,0
BRDA:608,90,1,6
BRDA:608,91,0,6
BRDA:608,91,1,3
BRDA:610,92,0,0
BRDA:610,92,1,0
BRDA:612,93,0,3
BRDA:612,93,1,3
BRDA:612,94,0,6
BRDA:612,94,1,3
BRDA:614,95,0,3
BRDA:614,95,1,0
BRDA:624,96,0,6
BRDA:624,96,1,0
BRDA:625,97,0,6
BRDA:625,97,1,0
BRDA:628,98,0,6
BRDA:628,98,1,0
BRDA:630,99,0,0
BRDA:630,99,1,2
BRDA:633,100,0,2
BRDA:633,100,1,0
BRDA:640,101,0,6
BRDA:640,101,1,0
BRDA:641,102,0,6
BRDA:641,102,1,0
BRDA:645,103,0,1
BRDA:645,103,1,5
BRDA:645,104,0,6
BRDA:645,104,1,5
BRDA:662,105,0,1
BRDA:662,106,0,1
BRDA:668,107,0,1
BRDA:671,108,0,1
BRDA:671,108,1,0
BRDA:672,109,0,1
BRDA:672,109,1,1
BRDA:673,110,0,1
BRDA:673,110,1,1
BRDA:675,111,0,1
BRDA:675,111,1,0
BRDA:676,112,0,1
BRDA:676,112,1,1
BRDA:677,113,0,1
BRDA:677,113,1,1
BRDA:699,114,0,11
BRDA:699,114,1,0
BRDA:699,115,0,11
BRDA:699,115,1,1
BRDA:699,116,0,11
BRDA:699,116,1,1
BRDA:704,117,0,6
BRDA:704,117,1,6
BRDA:704,118,0,12
BRDA:704,118,1,12
BRDA:718,119,0,8
BRDA:718,119,1,2
BRDA:718,119,2,0
BRDA:719,120,0,6
BRDA:719,120,1,2
BRDA:722,121,0,4
BRDA:722,121,1,4
BRDA:763,122,0,3
BRDA:763,122,1,0
BRDA:768,123,0,3
BRDA:768,123,1,0
BRDA:780,124,0,1
BRDA:780,124,1,6
BRDA:780,125,0,7
BRDA:780,125,1,4
BRDA:782,126,0,1
BRDA:782,126,1,1
BRDA:782,126,2,0
BRDA:783,127,0,1
BRDA:783,127,1,1
BRDA:783,127,2,0
BRDA:785,128,0,1
BRDA:785,128,1,0
BRDA:793,129,0,3
BRDA:793,129,1,3
BRDA:797,130,0,0
BRDA:797,130,1,3
BRDA:797,131,0,3
BRDA:797,131,1,0
BRDA:809,132,0,3
BRDA:809,132,1,0
BRDA:811,133,0,3
BRDA:811,133,1,0
BRDA:827,134,0,3
BRDA:827,134,1,0
BRDA:829,135,0,5
BRDA:829,135,1,0
BRDA:839,136,0,0
BRDA:839,136,1,0
BRDA:840,137,0,0
BRDA:840,137,1,0
BRDA:840,138,0,0
BRDA:840,138,1,0
BRDA:840,139,0,0
BRDA:840,139,1,0
BRDA:841,140,0,0
BRDA:841,140,1,0
BRDA:841,141,0,0
BRDA:841,141,1,0
BRDA:841,142,0,0
BRDA:841,142,1,0
BRDA:843,143,0,0
BRDA:843,143,1,0
BRDA:843,143,2,0
BRDA:844,144,0,0
BRDA:844,144,1,0
BRDA:844,144,2,0
BRDA:851,145,0,0
BRDA:851,145,1,0
BRDA:853,146,0,0
BRDA:853,146,1,0
BRDA:854,147,0,0
BRDA:854,147,1,0
BRDA:857,148,0,0
BRDA:857,148,1,0
BRDA:860,149,0,0
BRDA:860,149,1,0
BRDA:863,150,0,0
BRDA:863,150,1,0
BRDA:879,151,0,2
BRDA:879,151,1,6
BRDA:884,152,0,1
BRDA:884,152,1,5
BRDA:895,153,0,5
BRDA:895,153,1,0
BRDA:915,154,0,0
BRDA:915,154,1,1
BRDA:922,155,0,1
BRDA:922,155,1,0
BRDA:926,156,0,1
BRDA:926,156,1,0
BRDA:957,157,0,0
BRDA:957,157,1,0
BRDA:979,158,0,1
BRDA:979,158,1,0
BRDA:982,159,0,1
BRDA:982,159,1,1
BRDA:987,160,0,0
BRDA:987,160,1,0
BRDA:999,161,0,1
BRDA:999,161,1,1
BRDA:1034,162,0,0
BRDA:1034,162,1,0
BRDA:1050,163,0,0
BRDA:1050,163,1,0
BRDA:1080,164,0,0
BRDA:1080,164,1,0
BRDA:1080,165,0,0
BRDA:1080,165,1,0
BRDA:1092,166,0,0
BRDA:1092,166,1,0
BRDA:1096,167,0,0
BRDA:1096,167,1,0
BRDA:1104,168,0,0
BRDA:1104,168,1,0
BRDA:1108,169,0,0
BRDA:1108,169,1,0
BRDA:1121,170,0,0
BRDA:1121,170,1,0
BRDA:1128,171,0,0
BRDA:1128,171,1,0
BRDA:1136,172,0,0
BRDA:1136,172,1,0
BRDA:1149,173,0,0
BRDA:1149,173,1,0
BRDA:1161,174,0,0
BRDA:1161,174,1,0
BRDA:1192,175,0,0
BRDA:1192,175,1,0
BRDA:1199,176,0,0
BRDA:1204,177,0,0
BRDA:1204,177,1,0
BRDA:1218,178,0,0
BRDA:1218,178,1,0
BRDA:1238,179,0,0
BRDA:1238,179,1,0
BRDA:1258,180,0,0
BRDA:1258,180,1,0
BRDA:1284,181,0,0
BRDA:1284,181,1,0
BRDA:1284,182,0,0
BRDA:1284,182,1,0
BRDA:1292,183,0,0
BRDA:1292,183,1,0
BRDA:1292,184,0,0
BRDA:1292,184,1,0
BRDA:1299,185,0,0
BRDA:1299,185,1,0
BRDA:1299,186,0,0
BRDA:1299,186,1,0
BRDA:1306,187,0,0
BRDA:1306,187,1,0
BRDA:1306,188,0,0
BRDA:1306,188,1,0
BRDA:1313,189,0,0
BRDA:1313,189,1,0
BRDA:1325,190,0,0
BRDA:1325,190,1,0
BRDA:1325,191,0,0
BRDA:1325,191,1,0
BRDA:1332,192,0,0
BRDA:1332,192,1,0
BRDA:1332,193,0,0
BRDA:1332,193,1,0
BRDA:1339,194,0,0
BRDA:1339,194,1,0
BRDA:1339,195,0,0
BRDA:1339,195,1,0
BRDA:1346,196,0,0
BRDA:1346,196,1,0
BRDA:1346,197,0,0
BRDA:1346,197,1,0
BRDA:1353,198,0,0
BRDA:1353,198,1,0
BRDA:1353,199,0,0
BRDA:1353,199,1,0
BRDA:1360,200,0,0
BRDA:1360,200,1,0
BRDA:1360,201,0,0
BRDA:1360,201,1,0
BRDA:1367,202,0,0
BRDA:1367,202,1,0
BRDA:1367,203,0,0
BRDA:1367,203,1,0
BRDA:1378,204,0,0
BRDA:1378,204,1,0
BRDA:1417,205,0,0
BRDA:1417,205,1,0
BRDA:1421,206,0,0
BRDA:1421,206,1,0
BRDA:1429,207,0,0
BRDA:1429,207,1,0
BRDA:1437,208,0,0
BRDA:1437,208,1,0
BRDA:1437,209,0,0
BRDA:1437,209,1,0
BRF:420
BRH:132
end_of_record
