TN:
SF:src\services\database.js
FN:6,(anonymous_0)
FN:7,(anonymous_1)
FN:13,(anonymous_2)
FN:24,(anonymous_3)
FN:28,(anonymous_4)
FN:34,(anonymous_5)
FN:43,(anonymous_6)
FN:44,(anonymous_7)
FN:48,(anonymous_8)
FN:51,(anonymous_9)
FN:59,(anonymous_10)
FN:60,(anonymous_11)
FN:64,(anonymous_12)
FN:71,(anonymous_13)
FN:79,(anonymous_14)
FN:80,(anonymous_15)
FN:84,(anonymous_16)
FN:87,(anonymous_17)
FN:95,(anonymous_18)
FN:96,(anonymous_19)
FN:100,(anonymous_20)
FN:103,(anonymous_21)
FN:111,(anonymous_22)
FN:112,(anonymous_23)
FN:117,(anonymous_24)
FN:120,(anonymous_25)
FNF:26
FNH:0
FNDA:0,(anonymous_0)
FNDA:0,(anonymous_1)
FNDA:0,(anonymous_2)
FNDA:0,(anonymous_3)
FNDA:0,(anonymous_4)
FNDA:0,(anonymous_5)
FNDA:0,(anonymous_6)
FNDA:0,(anonymous_7)
FNDA:0,(anonymous_8)
FNDA:0,(anonymous_9)
FNDA:0,(anonymous_10)
FNDA:0,(anonymous_11)
FNDA:0,(anonymous_12)
FNDA:0,(anonymous_13)
FNDA:0,(anonymous_14)
FNDA:0,(anonymous_15)
FNDA:0,(anonymous_16)
FNDA:0,(anonymous_17)
FNDA:0,(anonymous_18)
FNDA:0,(anonymous_19)
FNDA:0,(anonymous_20)
FNDA:0,(anonymous_21)
FNDA:0,(anonymous_22)
FNDA:0,(anonymous_23)
FNDA:0,(anonymous_24)
FNDA:0,(anonymous_25)
DA:3,0
DA:6,0
DA:7,0
DA:8,0
DA:15,0
DA:25,0
DA:26,0
DA:29,0
DA:30,0
DA:35,0
DA:36,0
DA:43,0
DA:44,0
DA:45,0
DA:49,0
DA:52,0
DA:59,0
DA:60,0
DA:61,0
DA:65,0
DA:66,0
DA:67,0
DA:69,0
DA:72,0
DA:79,0
DA:80,0
DA:81,0
DA:85,0
DA:88,0
DA:95,0
DA:96,0
DA:97,0
DA:101,0
DA:104,0
DA:111,0
DA:112,0
DA:113,0
DA:114,0
DA:118,0
DA:121,0
LF:40
LH:0
BRF:0
BRH:0
end_of_record
TN:
SF:src\services\excelService.js
FN:25,(anonymous_0)
FN:30,(anonymous_1)
FN:39,(anonymous_2)
FN:50,(anonymous_3)
FN:61,(anonymous_4)
FN:79,(anonymous_5)
FN:92,(anonymous_6)
FN:100,(anonymous_7)
FN:125,(anonymous_8)
FN:145,(anonymous_9)
FN:161,(anonymous_10)
FN:201,(anonymous_11)
FN:245,(anonymous_12)
FN:291,(anonymous_13)
FN:364,(anonymous_14)
FN:420,(anonymous_15)
FN:458,(anonymous_16)
FN:474,(anonymous_17)
FN:516,(anonymous_18)
FN:517,(anonymous_19)
FN:530,(anonymous_20)
FN:551,(anonymous_21)
FNF:22
FNH:0
FNDA:0,(anonymous_0)
FNDA:0,(anonymous_1)
FNDA:0,(anonymous_2)
FNDA:0,(anonymous_3)
FNDA:0,(anonymous_4)
FNDA:0,(anonymous_5)
FNDA:0,(anonymous_6)
FNDA:0,(anonymous_7)
FNDA:0,(anonymous_8)
FNDA:0,(anonymous_9)
FNDA:0,(anonymous_10)
FNDA:0,(anonymous_11)
FNDA:0,(anonymous_12)
FNDA:0,(anonymous_13)
FNDA:0,(anonymous_14)
FNDA:0,(anonymous_15)
FNDA:0,(anonymous_16)
FNDA:0,(anonymous_17)
FNDA:0,(anonymous_18)
FNDA:0,(anonymous_19)
FNDA:0,(anonymous_20)
FNDA:0,(anonymous_21)
DA:11,0
DA:13,0
DA:16,0
DA:19,0
DA:20,0
DA:21,0
DA:26,0
DA:27,0
DA:31,0
DA:32,0
DA:33,0
DA:34,0
DA:36,0
DA:40,0
DA:41,0
DA:44,0
DA:45,0
DA:47,0
DA:51,0
DA:52,0
DA:55,0
DA:56,0
DA:58,0
DA:62,0
DA:63,0
DA:64,0
DA:65,0
DA:66,0
DA:67,0
DA:68,0
DA:74,0
DA:76,0
DA:80,0
DA:81,0
DA:82,0
DA:83,0
DA:85,0
DA:89,0
DA:93,0
DA:94,0
DA:95,0
DA:96,0
DA:97,0
DA:101,0
DA:103,0
DA:105,0
DA:108,0
DA:111,0
DA:112,0
DA:115,0
DA:117,0
DA:118,0
DA:120,0
DA:121,0
DA:126,0
DA:127,0
DA:128,0
DA:129,0
DA:130,0
DA:131,0
DA:135,0
DA:136,0
DA:137,0
DA:138,0
DA:141,0
DA:146,0
DA:147,0
DA:152,0
DA:154,0
DA:162,0
DA:163,0
DA:164,0
DA:167,0
DA:170,0
DA:171,0
DA:172,0
DA:176,0
DA:177,0
DA:178,0
DA:182,0
DA:185,0
DA:186,0
DA:187,0
DA:188,0
DA:190,0
DA:191,0
DA:193,0
DA:194,0
DA:202,0
DA:203,0
DA:204,0
DA:208,0
DA:209,0
DA:210,0
DA:213,0
DA:216,0
DA:219,0
DA:221,0
DA:223,0
DA:226,0
DA:230,0
DA:231,0
DA:232,0
DA:234,0
DA:235,0
DA:237,0
DA:238,0
DA:246,0
DA:247,0
DA:248,0
DA:251,0
DA:252,0
DA:253,0
DA:255,0
DA:258,0
DA:261,0
DA:262,0
DA:265,0
DA:268,0
DA:270,0
DA:273,0
DA:274,0
DA:275,0
DA:276,0
DA:278,0
DA:279,0
DA:280,0
DA:281,0
DA:283,0
DA:284,0
DA:292,0
DA:294,0
DA:295,0
DA:296,0
DA:299,0
DA:302,0
DA:305,0
DA:308,0
DA:309,0
DA:312,0
DA:315,0
DA:316,0
DA:317,0
DA:319,0
DA:320,0
DA:322,0
DA:328,0
DA:331,0
DA:332,0
DA:333,0
DA:334,0
DA:339,0
DA:340,0
DA:346,0
DA:347,0
DA:350,0
DA:351,0
DA:353,0
DA:354,0
DA:356,0
DA:357,0
DA:365,0
DA:366,0
DA:367,0
DA:371,0
DA:372,0
DA:373,0
DA:377,0
DA:378,0
DA:379,0
DA:382,0
DA:383,0
DA:384,0
DA:388,0
DA:389,0
DA:391,0
DA:394,0
DA:396,0
DA:407,0
DA:410,0
DA:412,0
DA:413,0
DA:421,0
DA:422,0
DA:423,0
DA:426,0
DA:429,0
DA:430,0
DA:433,0
DA:434,0
DA:435,0
DA:438,0
DA:439,0
DA:441,0
DA:445,0
DA:446,0
DA:448,0
DA:450,0
DA:451,0
DA:459,0
DA:461,0
DA:464,0
DA:467,0
DA:468,0
DA:469,0
DA:472,0
DA:473,0
DA:474,0
DA:475,0
DA:476,0
DA:481,0
DA:482,0
DA:483,0
DA:484,0
DA:485,0
DA:490,0
DA:493,0
DA:494,0
DA:496,0
DA:497,0
DA:500,0
DA:503,0
DA:505,0
DA:506,0
DA:508,0
DA:509,0
DA:517,0
DA:531,0
DA:532,0
DA:533,0
DA:534,0
DA:541,0
DA:543,0
DA:544,0
DA:552,0
DA:553,0
DA:554,0
DA:555,0
DA:556,0
DA:559,0
LF:240
LH:0
BRDA:31,0,0,0
BRDA:31,0,1,0
BRDA:33,1,0,0
BRDA:33,1,1,0
BRDA:39,2,0,0
BRDA:40,3,0,0
BRDA:40,3,1,0
BRDA:44,4,0,0
BRDA:44,4,1,0
BRDA:50,5,0,0
BRDA:51,6,0,0
BRDA:51,6,1,0
BRDA:55,7,0,0
BRDA:55,7,1,0
BRDA:62,8,0,0
BRDA:62,8,1,0
BRDA:64,9,0,0
BRDA:64,9,1,0
BRDA:66,10,0,0
BRDA:66,10,1,0
BRDA:80,11,0,0
BRDA:80,11,1,0
BRDA:82,12,0,0
BRDA:82,12,1,0
BRDA:101,13,0,0
BRDA:101,13,1,0
BRDA:128,14,0,0
BRDA:128,14,1,0
BRDA:130,15,0,0
BRDA:130,15,1,0
BRDA:131,16,0,0
BRDA:131,16,1,0
BRDA:136,17,0,0
BRDA:136,17,1,0
BRDA:163,18,0,0
BRDA:163,18,1,0
BRDA:171,19,0,0
BRDA:171,19,1,0
BRDA:177,20,0,0
BRDA:177,20,1,0
BRDA:203,21,0,0
BRDA:203,21,1,0
BRDA:209,22,0,0
BRDA:209,22,1,0
BRDA:221,23,0,0
BRDA:221,23,1,0
BRDA:295,24,0,0
BRDA:295,24,1,0
BRDA:320,25,0,0
BRDA:320,25,1,0
BRDA:324,26,0,0
BRDA:324,26,1,0
BRDA:325,27,0,0
BRDA:325,27,1,0
BRDA:326,28,0,0
BRDA:326,28,1,0
BRDA:331,29,0,0
BRDA:331,29,1,0
BRDA:333,30,0,0
BRDA:333,30,1,0
BRDA:339,31,0,0
BRDA:339,31,1,0
BRDA:366,32,0,0
BRDA:366,32,1,0
BRDA:372,33,0,0
BRDA:372,33,1,0
BRDA:378,34,0,0
BRDA:378,34,1,0
BRDA:383,35,0,0
BRDA:383,35,1,0
BRDA:391,36,0,0
BRDA:391,36,1,0
BRDA:394,37,0,0
BRDA:394,37,1,0
BRDA:422,38,0,0
BRDA:422,38,1,0
BRDA:426,39,0,0
BRDA:426,39,1,0
BRDA:426,39,2,0
BRDA:426,39,3,0
BRDA:475,40,0,0
BRDA:475,40,1,0
BRDA:484,41,0,0
BRDA:484,41,1,0
BRDA:484,42,0,0
BRDA:484,42,1,0
BRDA:519,43,0,0
BRDA:519,43,1,0
BRDA:520,44,0,0
BRDA:520,44,1,0
BRDA:521,45,0,0
BRDA:521,45,1,0
BRDA:522,46,0,0
BRDA:522,46,1,0
BRDA:523,47,0,0
BRDA:523,47,1,0
BRDA:533,48,0,0
BRDA:533,48,1,0
BRDA:554,49,0,0
BRDA:554,49,1,0
BRF:100
BRH:0
end_of_record
TN:
SF:src\services\googleDriveService.js
FN:17,(anonymous_0)
FN:25,(anonymous_1)
FN:61,(anonymous_2)
FN:65,(anonymous_3)
FN:70,(anonymous_4)
FN:88,(anonymous_5)
FN:109,(anonymous_6)
FN:121,(anonymous_7)
FN:133,(anonymous_8)
FN:177,(anonymous_9)
FN:182,(anonymous_10)
FN:186,(anonymous_11)
FN:191,(anonymous_12)
FN:223,(anonymous_13)
FN:247,(anonymous_14)
FN:264,(anonymous_15)
FN:281,(anonymous_16)
FN:306,(anonymous_17)
FN:323,(anonymous_18)
FNF:19
FNH:0
FNDA:0,(anonymous_0)
FNDA:0,(anonymous_1)
FNDA:0,(anonymous_2)
FNDA:0,(anonymous_3)
FNDA:0,(anonymous_4)
FNDA:0,(anonymous_5)
FNDA:0,(anonymous_6)
FNDA:0,(anonymous_7)
FNDA:0,(anonymous_8)
FNDA:0,(anonymous_9)
FNDA:0,(anonymous_10)
FNDA:0,(anonymous_11)
FNDA:0,(anonymous_12)
FNDA:0,(anonymous_13)
FNDA:0,(anonymous_14)
FNDA:0,(anonymous_15)
FNDA:0,(anonymous_16)
FNDA:0,(anonymous_17)
FNDA:0,(anonymous_18)
DA:4,0
DA:11,0
DA:12,0
DA:13,0
DA:14,0
DA:18,0
DA:19,0
DA:20,0
DA:21,0
DA:22,0
DA:26,0
DA:28,0
DA:30,0
DA:35,0
DA:42,0
DA:43,0
DA:44,0
DA:45,0
DA:48,0
DA:49,0
DA:50,0
DA:53,0
DA:54,0
DA:56,0
DA:57,0
DA:62,0
DA:66,0
DA:67,0
DA:71,0
DA:72,0
DA:74,0
DA:76,0
DA:77,0
DA:78,0
DA:79,0
DA:81,0
DA:83,0
DA:84,0
DA:89,0
DA:90,0
DA:91,0
DA:92,0
DA:94,0
DA:95,0
DA:97,0
DA:98,0
DA:99,0
DA:101,0
DA:103,0
DA:104,0
DA:105,0
DA:110,0
DA:112,0
DA:114,0
DA:118,0
DA:122,0
DA:123,0
DA:124,0
DA:126,0
DA:135,0
DA:136,0
DA:138,0
DA:139,0
DA:140,0
DA:141,0
DA:142,0
DA:143,0
DA:147,0
DA:156,0
DA:157,0
DA:158,0
DA:159,0
DA:160,0
DA:161,0
DA:163,0
DA:167,0
DA:169,0
DA:170,0
DA:171,0
DA:173,0
DA:174,0
DA:177,0
DA:183,0
DA:187,0
DA:188,0
DA:192,0
DA:193,0
DA:199,0
DA:210,0
DA:211,0
DA:214,0
DA:215,0
DA:216,0
DA:218,0
DA:219,0
DA:224,0
DA:225,0
DA:236,0
DA:237,0
DA:240,0
DA:242,0
DA:243,0
DA:248,0
DA:249,0
DA:253,0
DA:254,0
DA:257,0
DA:259,0
DA:260,0
DA:265,0
DA:266,0
DA:270,0
DA:271,0
DA:274,0
DA:276,0
DA:277,0
DA:282,0
DA:283,0
DA:290,0
DA:291,0
DA:295,0
DA:296,0
DA:299,0
DA:301,0
DA:302,0
DA:307,0
DA:308,0
DA:309,0
DA:312,0
DA:320,0
DA:324,0
DA:325,0
DA:326,0
DA:327,0
DA:328,0
DA:329,0
DA:331,0
DA:332,0
LF:138
LH:0
BRDA:26,0,0,0
BRDA:26,0,1,0
BRDA:44,1,0,0
BRDA:44,1,1,0
BRDA:49,2,0,0
BRDA:49,2,1,0
BRDA:66,3,0,0
BRDA:66,3,1,0
BRDA:77,4,0,0
BRDA:77,4,1,0
BRDA:92,5,0,0
BRDA:92,5,1,0
BRDA:97,6,0,0
BRDA:97,6,1,0
BRDA:133,7,0,0
BRDA:140,8,0,0
BRDA:140,8,1,0
BRDA:140,9,0,0
BRDA:140,9,1,0
BRDA:142,10,0,0
BRDA:142,10,1,0
BRDA:156,11,0,0
BRDA:156,11,1,0
BRDA:156,12,0,0
BRDA:156,12,1,0
BRDA:159,13,0,0
BRDA:159,13,1,0
BRDA:169,14,0,0
BRDA:169,14,1,0
BRDA:210,15,0,0
BRDA:210,15,1,0
BRDA:236,16,0,0
BRDA:236,16,1,0
BRDA:253,17,0,0
BRDA:253,17,1,0
BRDA:270,18,0,0
BRDA:270,18,1,0
BRDA:290,19,0,0
BRDA:290,19,1,0
BRDA:295,20,0,0
BRDA:295,20,1,0
BRF:41
BRH:0
end_of_record
TN:
SF:src\services\syncService.js
FN:5,(anonymous_0)
FN:25,(anonymous_1)
FN:39,(anonymous_2)
FN:51,(anonymous_3)
FN:65,(anonymous_4)
FN:81,(anonymous_5)
FN:95,(anonymous_6)
FN:109,(anonymous_7)
FN:157,(anonymous_8)
FN:174,(anonymous_9)
FN:214,(anonymous_10)
FN:266,(anonymous_11)
FN:380,(anonymous_12)
FN:393,(anonymous_13)
FN:400,(anonymous_14)
FN:405,(anonymous_15)
FN:426,(anonymous_16)
FN:446,(anonymous_17)
FN:475,(anonymous_18)
FN:489,(anonymous_19)
FN:495,(anonymous_20)
FN:523,(anonymous_21)
FN:530,(anonymous_22)
FN:564,(anonymous_23)
FN:604,(anonymous_24)
FN:626,(anonymous_25)
FN:650,(anonymous_26)
FN:675,(anonymous_27)
FN:685,(anonymous_28)
FN:699,(anonymous_29)
FN:719,(anonymous_30)
FNF:31
FNH:26
FNDA:49,(anonymous_0)
FNDA:3,(anonymous_1)
FNDA:17,(anonymous_2)
FNDA:5,(anonymous_3)
FNDA:17,(anonymous_4)
FNDA:2,(anonymous_5)
FNDA:1,(anonymous_6)
FNDA:3,(anonymous_7)
FNDA:2,(anonymous_8)
FNDA:9,(anonymous_9)
FNDA:5,(anonymous_10)
FNDA:5,(anonymous_11)
FNDA:10,(anonymous_12)
FNDA:7,(anonymous_13)
FNDA:7,(anonymous_14)
FNDA:9,(anonymous_15)
FNDA:0,(anonymous_16)
FNDA:1,(anonymous_17)
FNDA:1,(anonymous_18)
FNDA:1,(anonymous_19)
FNDA:1,(anonymous_20)
FNDA:29,(anonymous_21)
FNDA:8,(anonymous_22)
FNDA:1,(anonymous_23)
FNDA:0,(anonymous_24)
FNDA:1,(anonymous_25)
FNDA:1,(anonymous_26)
FNDA:1,(anonymous_27)
FNDA:0,(anonymous_28)
FNDA:0,(anonymous_29)
FNDA:0,(anonymous_30)
DA:7,49
DA:8,49
DA:9,49
DA:12,49
DA:13,49
DA:16,49
DA:26,3
DA:27,0
DA:30,3
DA:31,3
DA:32,2
DA:34,1
DA:35,1
DA:40,17
DA:41,0
DA:44,17
DA:45,17
DA:47,1
DA:52,5
DA:53,0
DA:56,5
DA:57,5
DA:58,5
DA:60,0
DA:61,0
DA:66,17
DA:67,0
DA:70,17
DA:71,17
DA:72,9
DA:74,8
DA:77,0
DA:82,2
DA:83,0
DA:86,2
DA:87,2
DA:88,2
DA:90,0
DA:91,0
DA:96,1
DA:97,0
DA:100,1
DA:101,1
DA:102,1
DA:104,0
DA:110,3
DA:111,3
DA:114,3
DA:115,0
DA:119,3
DA:120,0
DA:121,0
DA:125,3
DA:126,3
DA:127,0
DA:128,0
DA:132,3
DA:133,3
DA:135,3
DA:136,3
DA:137,1
DA:138,0
DA:141,2
DA:142,2
DA:147,1
DA:148,1
DA:151,0
DA:152,0
DA:158,2
DA:160,2
DA:161,1
DA:162,1
DA:163,0
DA:164,1
DA:165,0
DA:167,1
DA:170,2
DA:175,9
DA:176,1
DA:177,1
DA:180,8
DA:181,8
DA:183,8
DA:184,8
DA:187,8
DA:188,8
DA:189,8
DA:191,8
DA:194,8
DA:196,8
DA:197,2
DA:198,2
DA:202,5
DA:205,1
DA:206,1
DA:208,8
DA:209,8
DA:215,5
DA:216,5
DA:218,5
DA:220,1
DA:221,1
DA:222,1
DA:224,1
DA:225,1
DA:226,1
DA:233,0
DA:238,4
DA:242,4
DA:244,4
DA:246,4
DA:247,3
DA:248,3
DA:256,1
DA:260,1
DA:261,1
DA:267,5
DA:268,5
DA:270,5
DA:272,1
DA:273,1
DA:274,1
DA:276,1
DA:277,1
DA:278,1
DA:289,0
DA:294,4
DA:300,4
DA:302,4
DA:303,4
DA:305,4
DA:307,4
DA:309,3
DA:310,3
DA:315,3
DA:319,1
DA:324,4
DA:333,4
DA:334,2
DA:337,2
DA:340,2
DA:343,2
DA:346,2
DA:349,2
DA:351,2
DA:352,0
DA:355,2
DA:357,2
DA:360,4
DA:362,4
DA:374,0
DA:375,0
DA:382,10
DA:385,10
DA:386,10
DA:387,10
DA:389,10
DA:392,10
DA:393,10
DA:394,7
DA:395,7
DA:399,10
DA:400,10
DA:401,7
DA:404,10
DA:405,10
DA:406,9
DA:407,9
DA:411,10
DA:412,9
DA:413,9
DA:415,9
DA:417,5
DA:419,5
DA:421,0
DA:422,0
DA:424,0
DA:426,0
DA:427,0
DA:428,0
DA:429,0
DA:430,0
DA:435,5
DA:436,5
DA:437,5
DA:441,4
DA:442,4
DA:444,4
DA:446,1
DA:447,1
DA:448,1
DA:449,1
DA:450,1
DA:457,10
DA:458,3
DA:459,3
DA:460,0
DA:461,0
DA:462,3
DA:463,2
DA:464,2
DA:469,10
DA:470,10
DA:471,10
DA:474,10
DA:475,1
DA:476,1
DA:477,1
DA:480,10
DA:490,1
DA:491,1
DA:496,1
DA:498,1
DA:499,1
DA:500,1
DA:502,1
DA:503,1
DA:504,1
DA:506,1
DA:511,1
DA:526,29
DA:531,8
DA:532,8
DA:533,2
DA:537,6
DA:538,1
DA:542,5
DA:545,5
DA:546,5
DA:548,5
DA:549,5
DA:550,5
DA:552,0
DA:555,0
DA:556,0
DA:559,8
DA:565,1
DA:566,1
DA:568,1
DA:569,0
DA:573,1
DA:575,1
DA:577,1
DA:579,1
DA:580,1
DA:582,1
DA:592,0
DA:595,0
DA:598,0
DA:599,0
DA:605,0
DA:606,0
DA:608,0
DA:610,0
DA:611,0
DA:617,0
DA:620,0
DA:621,0
DA:627,1
DA:628,1
DA:630,1
DA:632,1
DA:633,0
DA:640,1
DA:641,1
DA:644,0
DA:645,0
DA:651,1
DA:652,1
DA:653,1
DA:654,1
DA:655,1
DA:657,1
DA:664,0
DA:665,0
DA:676,1
DA:677,1
DA:679,0
DA:680,0
DA:686,0
DA:687,0
DA:688,0
DA:691,0
DA:693,0
DA:694,0
DA:700,0
DA:701,0
DA:703,0
DA:704,0
DA:707,0
DA:709,0
DA:710,0
DA:719,1
DA:720,0
LF:294
LH:220
BRDA:5,0,0,1
BRDA:7,1,0,49
BRDA:7,1,1,3
BRDA:8,2,0,49
BRDA:8,2,1,5
BRDA:9,3,0,49
BRDA:9,3,1,5
BRDA:26,4,0,0
BRDA:26,4,1,3
BRDA:32,5,0,1
BRDA:32,5,1,1
BRDA:39,6,0,16
BRDA:40,7,0,0
BRDA:40,7,1,17
BRDA:52,8,0,0
BRDA:52,8,1,5
BRDA:66,9,0,0
BRDA:66,9,1,17
BRDA:71,10,0,9
BRDA:71,10,1,8
BRDA:82,11,0,0
BRDA:82,11,1,2
BRDA:88,12,0,2
BRDA:88,12,1,0
BRDA:96,13,0,0
BRDA:96,13,1,1
BRDA:114,14,0,0
BRDA:114,14,1,3
BRDA:114,15,0,3
BRDA:114,15,1,3
BRDA:114,15,2,3
BRDA:119,16,0,0
BRDA:119,16,1,3
BRDA:126,17,0,0
BRDA:126,17,1,3
BRDA:132,18,0,3
BRDA:132,18,1,0
BRDA:137,19,0,0
BRDA:137,19,1,1
BRDA:160,20,0,1
BRDA:160,20,1,1
BRDA:162,21,0,0
BRDA:162,21,1,1
BRDA:164,22,0,0
BRDA:164,22,1,1
BRDA:167,23,0,1
BRDA:167,23,1,0
BRDA:174,24,0,7
BRDA:175,25,0,1
BRDA:175,25,1,8
BRDA:196,26,0,2
BRDA:196,26,1,5
BRDA:218,27,0,1
BRDA:218,27,1,4
BRDA:224,28,0,1
BRDA:224,28,1,0
BRDA:246,29,0,3
BRDA:246,29,1,1
BRDA:270,30,0,1
BRDA:270,30,1,4
BRDA:276,31,0,1
BRDA:276,31,1,0
BRDA:305,32,0,4
BRDA:305,32,1,0
BRDA:309,33,0,3
BRDA:309,33,1,0
BRDA:333,34,0,2
BRDA:333,34,1,2
BRDA:351,35,0,0
BRDA:351,35,1,2
BRDA:365,36,0,2
BRDA:365,36,1,2
BRDA:385,37,0,10
BRDA:385,37,1,0
BRDA:386,38,0,10
BRDA:386,38,1,0
BRDA:387,39,0,10
BRDA:387,39,1,0
BRDA:393,40,0,10
BRDA:393,40,1,0
BRDA:400,41,0,10
BRDA:400,41,1,0
BRDA:405,42,0,10
BRDA:405,42,1,0
BRDA:411,43,0,10
BRDA:411,43,1,0
BRDA:415,44,0,5
BRDA:415,44,1,4
BRDA:419,45,0,0
BRDA:419,45,1,5
BRDA:421,46,0,0
BRDA:421,46,1,0
BRDA:421,46,2,0
BRDA:422,47,0,0
BRDA:422,47,1,0
BRDA:422,47,2,0
BRDA:424,48,0,0
BRDA:424,48,1,0
BRDA:427,49,0,0
BRDA:427,49,1,0
BRDA:441,50,0,4
BRDA:441,50,1,1
BRDA:441,50,2,0
BRDA:442,51,0,4
BRDA:442,51,1,1
BRDA:442,51,2,0
BRDA:444,52,0,1
BRDA:444,52,1,3
BRDA:447,53,0,1
BRDA:447,53,1,0
BRDA:457,54,0,10
BRDA:457,54,1,0
BRDA:459,55,0,0
BRDA:459,55,1,3
BRDA:462,56,0,2
BRDA:462,56,1,1
BRDA:469,57,0,10
BRDA:469,57,1,0
BRDA:470,58,0,10
BRDA:470,58,1,0
BRDA:474,59,0,1
BRDA:474,59,1,9
BRDA:474,60,0,10
BRDA:474,60,1,9
BRDA:489,61,0,1
BRDA:495,62,0,1
BRDA:498,63,0,1
BRDA:498,63,1,0
BRDA:499,64,0,1
BRDA:499,64,1,1
BRDA:500,65,0,1
BRDA:500,65,1,1
BRDA:502,66,0,1
BRDA:502,66,1,0
BRDA:503,67,0,1
BRDA:503,67,1,1
BRDA:504,68,0,1
BRDA:504,68,1,1
BRDA:526,69,0,29
BRDA:526,69,1,0
BRDA:526,70,0,29
BRDA:526,70,1,1
BRDA:526,71,0,29
BRDA:526,71,1,1
BRDA:532,72,0,2
BRDA:532,72,1,6
BRDA:537,73,0,1
BRDA:537,73,1,5
BRDA:548,74,0,5
BRDA:548,74,1,0
BRDA:568,75,0,0
BRDA:568,75,1,1
BRDA:575,76,0,1
BRDA:575,76,1,0
BRDA:579,77,0,1
BRDA:579,77,1,0
BRDA:610,78,0,0
BRDA:610,78,1,0
BRDA:632,79,0,0
BRDA:632,79,1,1
BRDA:632,80,0,1
BRDA:632,80,1,1
BRDA:635,81,0,0
BRDA:635,81,1,0
BRDA:640,82,0,1
BRDA:640,82,1,0
BRDA:652,83,0,1
BRDA:652,83,1,1
BRDA:687,84,0,0
BRDA:687,84,1,0
BRDA:703,85,0,0
BRDA:703,85,1,0
BRF:172
BRH:110
end_of_record
